2014-06-05 15:15:49,617 - mylogger - INFO - log start in Debug
2014-06-05 15:15:50,951 - mylogger - INFO - log start in Debug
2014-06-05 15:17:05,043 - mylogger - ERROR - method:POST,host:core.6998apitest.com,url:/api/VIPCenter/UserVIPDetail,param:UserID=577, coreservice服务异常
2014-06-05 15:19:09,543 - mylogger - INFO - log start in Debug
2014-06-05 15:19:33,374 - mylogger - ERROR - method:POST,host:core.6998apitest.com,url:/api/VIPCenter/UserVIPDetail,param:UserID=577, coreservice服务异常
2014-06-05 15:19:35,371 - mylogger - ERROR - method:POST,host:core.6998apitest.com,url:/api/VIPCenter/UserVIPDetail,param:UserID=577, coreservice服务异常
2014-06-05 15:19:36,028 - mylogger - ERROR - method:POST,host:core.6998apitest.com,url:/api/VIPCenter/UserVIPDetail,param:UserID=577, coreservice服务异常
2014-06-05 15:19:36,292 - mylogger - ERROR - method:POST,host:core.6998apitest.com,url:/api/VIPCenter/UserVIPDetail,param:UserID=577, coreservice服务异常
2014-06-05 15:19:36,526 - mylogger - ERROR - method:POST,host:core.6998apitest.com,url:/api/VIPCenter/UserVIPDetail,param:UserID=577, coreservice服务异常
2014-06-05 15:20:04,582 - mylogger - INFO - log start in Debug
2014-06-05 15:20:13,256 - mylogger - INFO - log start in Debug
2014-06-05 15:20:21,884 - mylogger - INFO - log start in Debug
2014-06-05 15:20:24,625 - mylogger - ERROR - method:POST,host:core.6998apitest.com,url:/api/VIPCenter/UserVIPDetail,param:UserID=577, coreservice服务异常,响应: 
2014-06-05 15:20:28,019 - mylogger - ERROR - method:POST,host:core.6998apitest.com,url:/api/VIPCenter/UserVIPDetail,param:UserID=577, coreservice服务异常,响应: 
2014-06-05 15:20:28,240 - mylogger - ERROR - method:POST,host:core.6998apitest.com,url:/api/VIPCenter/UserVIPDetail,param:UserID=577, coreservice服务异常,响应: 
2014-06-05 15:20:28,421 - mylogger - ERROR - method:POST,host:core.6998apitest.com,url:/api/VIPCenter/UserVIPDetail,param:UserID=577, coreservice服务异常,响应: 
2014-06-05 15:20:28,585 - mylogger - ERROR - method:POST,host:core.6998apitest.com,url:/api/VIPCenter/UserVIPDetail,param:UserID=577, coreservice服务异常,响应: 
2014-06-05 15:20:28,717 - mylogger - ERROR - method:POST,host:core.6998apitest.com,url:/api/VIPCenter/UserVIPDetail,param:UserID=577, coreservice服务异常,响应: 
2014-06-05 15:20:28,871 - mylogger - ERROR - method:POST,host:core.6998apitest.com,url:/api/VIPCenter/UserVIPDetail,param:UserID=577, coreservice服务异常,响应: 
2014-06-05 15:21:22,427 - mylogger - INFO - log start in Debug
2014-06-05 15:21:25,898 - mylogger - ERROR - method:POST,host:core.6998apitest.com,url:/api/VIPCenter/UserVIPDetail,param:UserID=577, coreservice服务异常,状态:500,响应:
2014-06-05 15:21:27,933 - mylogger - ERROR - method:POST,host:core.6998apitest.com,url:/api/VIPCenter/UserVIPDetail,param:UserID=577, coreservice服务异常,状态:500,响应:
2014-06-05 15:21:35,601 - mylogger - ERROR - method:POST,host:core.6998apitest.com,url:/api/VIPCenter/UserVIPDetail,param:UserID=577, coreservice服务异常,状态:500,响应:
2014-06-05 15:21:39,604 - mylogger - INFO - log start in Debug
2014-06-05 15:21:40,088 - mylogger - ERROR - method:POST,host:core.6998apitest.com,url:/api/VIPCenter/UserVIPDetail,param:UserID=577, coreservice服务异常,状态:500,响应:
2014-06-05 15:21:40,585 - mylogger - ERROR - method:POST,host:core.6998apitest.com,url:/api/VIPCenter/UserVIPDetail,param:UserID=577, coreservice服务异常,状态:500,响应:
2014-06-05 15:21:40,757 - mylogger - ERROR - method:POST,host:core.6998apitest.com,url:/api/VIPCenter/UserVIPDetail,param:UserID=577, coreservice服务异常,状态:500,响应:
2014-06-05 15:21:40,878 - mylogger - ERROR - method:POST,host:core.6998apitest.com,url:/api/VIPCenter/UserVIPDetail,param:UserID=577, coreservice服务异常,状态:500,响应:
2014-06-05 15:21:41,042 - mylogger - ERROR - method:POST,host:core.6998apitest.com,url:/api/VIPCenter/UserVIPDetail,param:UserID=577, coreservice服务异常,状态:500,响应:
2014-06-05 15:23:41,441 - mylogger - ERROR - method:POST,host:core.6998apitest.com,url:/api/VIPCenter/UserVIPDetail,param:UserID=577, coreservice服务异常,状态:500,响应:
2014-06-05 15:23:42,319 - mylogger - ERROR - method:POST,host:core.6998apitest.com,url:/api/VIPCenter/UserVIPDetail,param:UserID=577, coreservice服务异常,状态:500,响应:
2014-06-05 15:24:01,187 - mylogger - INFO - log start in Debug
2014-06-05 15:24:24,812 - mylogger - INFO - log start in Debug
2014-06-05 15:24:29,197 - mylogger - INFO - log start in Debug
2014-06-05 15:24:30,148 - mylogger - ERROR - method:POST,host:core.6998apitest.com,url:/api/VIPCenter/UserVIPDetail,param:UserID=577, coreservice服务异常,状态:500,响应:
2014-06-05 15:24:30,700 - mylogger - ERROR - method:POST,host:core.6998apitest.com,url:/api/VIPCenter/UserVIPDetail,param:UserID=577, coreservice服务异常,状态:500,响应:
2014-06-05 15:24:30,874 - mylogger - ERROR - method:POST,host:core.6998apitest.com,url:/api/VIPCenter/UserVIPDetail,param:UserID=577, coreservice服务异常,状态:500,响应:
2014-06-05 15:27:01,562 - mylogger - ERROR - method:POST,host:core.6998apitest.com,url:/api/VIPCenter/UserVIPDetail,param:UserID=577, coreservice服务异常,状态:500,响应:
2014-06-05 15:31:43,664 - mylogger - INFO - log start in Debug
2014-06-05 15:31:45,048 - mylogger - INFO - log start in Debug
2014-06-05 15:31:57,831 - mylogger - ERROR - method:POST,host:core.6998apitest.com,url:/api/VIPCenter/UserVIPDetail,param:UserID=577, coreservice服务异常,状态:500,响应:
2014-06-05 15:32:07,385 - mylogger - ERROR - method:POST,host:core.6998apitest.com,url:/api/VIPCenter/UserVIPDetail,param:UserID=577, coreservice服务异常,状态:500,响应:
2014-06-05 15:32:07,569 - mylogger - ERROR - method:POST,host:core.6998apitest.com,url:/api/VIPCenter/UserVIPDetail,param:UserID=577, coreservice服务异常,状态:500,响应:
2014-06-05 15:32:07,750 - mylogger - ERROR - method:POST,host:core.6998apitest.com,url:/api/VIPCenter/UserVIPDetail,param:UserID=577, coreservice服务异常,状态:500,响应:
2014-06-05 15:32:07,920 - mylogger - ERROR - method:POST,host:core.6998apitest.com,url:/api/VIPCenter/UserVIPDetail,param:UserID=577, coreservice服务异常,状态:500,响应:
2014-06-05 15:32:08,101 - mylogger - ERROR - method:POST,host:core.6998apitest.com,url:/api/VIPCenter/UserVIPDetail,param:UserID=577, coreservice服务异常,状态:500,响应:
2014-06-05 15:32:08,285 - mylogger - ERROR - method:POST,host:core.6998apitest.com,url:/api/VIPCenter/UserVIPDetail,param:UserID=577, coreservice服务异常,状态:500,响应:
2014-06-05 15:32:08,450 - mylogger - ERROR - method:POST,host:core.6998apitest.com,url:/api/VIPCenter/UserVIPDetail,param:UserID=577, coreservice服务异常,状态:500,响应:
2014-06-05 15:32:08,614 - mylogger - ERROR - method:POST,host:core.6998apitest.com,url:/api/VIPCenter/UserVIPDetail,param:UserID=577, coreservice服务异常,状态:500,响应:
2014-06-05 15:33:12,509 - mylogger - INFO - log start in Debug
2014-06-05 15:33:13,007 - mylogger - ERROR - method:POST,host:core.6998apitest.com,url:/api/VIPCenter/UserVIPDetail,param:UserID=577, coreservice服务异常,状态:500,响应:
2014-06-05 15:33:15,740 - mylogger - INFO - log start in Debug
2014-06-05 15:33:31,799 - mylogger - INFO - log start in Debug
2014-06-05 15:33:34,523 - mylogger - ERROR - method:POST,host:core.6998apitest.com,url:/api/VIPCenter/UserVIPDetail,param:UserID=577,No JSON object could be decoded
2014-06-05 15:33:42,569 - mylogger - INFO - log start in Debug
2014-06-05 15:33:50,094 - mylogger - INFO - log start in Debug
2014-06-05 15:33:51,282 - mylogger - ERROR - method:POST,host:core.6998apitest.com,url:/api/VIPCenter/UserVIPDetail,param:UserID=577,No JSON object could be decoded
2014-06-05 15:34:13,905 - mylogger - INFO - log start in Debug
2014-06-05 15:34:14,065 - mylogger - ERROR - json decode error,method:POST,host:core.6998apitest.com,url:/api/VIPCenter/UserVIPDetail,param:UserID=577,No JSON object could be decoded
2014-06-05 15:34:34,398 - mylogger - INFO - log start in Debug
2014-06-05 15:34:34,677 - mylogger - ERROR - json decode error,method:POST,host:core.6998apitest.com,url:/api/VIPCenter/UserVIPDetail,param:UserID=577,No JSON object could be decoded
2014-06-05 15:34:37,568 - mylogger - INFO - log start in Debug
2014-06-05 15:34:52,569 - mylogger - INFO - log start in Debug
2014-06-05 15:34:55,763 - mylogger - INFO - log start in Debug
2014-06-05 15:34:55,951 - mylogger - ERROR - json decode error,method:POST,host:core.6998apitest.com,url:/api/VIPCenter/UserVIPDetail,param:UserID=577,No JSON object could be decoded
2014-06-05 15:34:58,934 - mylogger - INFO - log start in Debug
2014-06-05 15:34:59,158 - mylogger - ERROR - json decode error,method:POST,host:core.6998apitest.com,url:/api/VIPCenter/UserVIPDetail,param:UserID=577,No JSON object could be decoded
2014-06-05 15:36:01,519 - mylogger - INFO - log start in Debug
2014-06-05 15:36:10,127 - mylogger - INFO - log start in Debug
2014-06-05 15:36:29,338 - mylogger - INFO - log start in Debug
2014-06-05 15:36:30,674 - mylogger - INFO - log start in Debug
2014-06-05 15:36:52,151 - mylogger - INFO - log start in Debug
2014-06-05 15:37:56,801 - mylogger - INFO - log start in Debug
2014-06-05 15:38:23,796 - mylogger - INFO - log start in Debug
2014-06-05 15:38:25,984 - mylogger - INFO - log start in Debug
2014-06-05 15:38:42,265 - mylogger - INFO - log start in Debug
2014-06-05 15:38:48,670 - mylogger - INFO - log start in Debug
2014-06-05 15:38:50,838 - mylogger - INFO - log start in Debug
2014-06-05 15:38:50,970 - mylogger - ERROR - method:POST,host:core.6998apitest.com,url:/api/VIPCenter/UserVIPSalaryGet,param:UserID=577,
2014-06-05 15:39:13,352 - mylogger - INFO - log start in Debug
2014-06-05 15:39:13,471 - mylogger - ERROR - 
2014-06-05 15:39:25,349 - mylogger - INFO - log start in Debug
2014-06-05 15:39:34,967 - mylogger - INFO - log start in Debug
2014-06-05 15:39:35,484 - mylogger - ERROR - 
2014-06-05 15:40:21,303 - mylogger - ERROR - 不能补签过期日期或未达到日期
2014-06-05 15:42:05,632 - mylogger - INFO - log start in Debug
2014-06-05 15:43:30,822 - mylogger - INFO - log start in Debug
2014-06-05 15:43:58,918 - mylogger - INFO - log start in Debug
2014-06-05 15:49:45,913 - mylogger - ERROR - 对不起您的积分不够
2014-06-05 15:52:10,535 - mylogger - INFO - log start in Debug
2014-06-05 15:56:05,075 - mylogger - ERROR - 发货唐人游会员失败,错误代码:ERROR
2014-06-05 15:56:59,982 - mylogger - INFO - log start in Debug
2014-06-05 15:57:00,256 - mylogger - ERROR - 发货唐人游会员失败,错误代码:ERROR
2014-06-05 15:57:03,221 - mylogger - INFO - log start in Debug
2014-06-05 15:57:35,684 - mylogger - INFO - log start in Debug
2014-06-05 15:57:42,039 - mylogger - INFO - log start in Debug
2014-06-05 15:57:44,141 - mylogger - INFO - log start in Debug
2014-06-05 15:57:57,010 - mylogger - INFO - log start in Debug
2014-06-05 16:00:11,226 - mylogger - INFO - log start in Debug
2014-06-05 16:02:19,059 - mylogger - INFO - log start in Debug
2014-06-05 16:02:23,282 - mylogger - INFO - log start in Debug
2014-06-05 16:02:56,667 - mylogger - INFO - log start in Debug
2014-06-05 16:03:13,910 - mylogger - INFO - log start in Debug
2014-06-05 16:03:58,161 - mylogger - INFO - log start in Debug
2014-06-05 16:04:01,385 - mylogger - INFO - log start in Debug
2014-06-05 16:04:08,849 - mylogger - INFO - log start in Debug
2014-06-05 16:04:13,096 - mylogger - INFO - log start in Debug
2014-06-05 16:04:34,714 - mylogger - INFO - log start in Debug
2014-06-05 16:04:51,926 - mylogger - INFO - log start in Debug
2014-06-05 16:05:04,822 - mylogger - INFO - log start in Debug
2014-06-05 16:05:17,766 - mylogger - INFO - log start in Debug
2014-06-05 16:05:34,960 - mylogger - INFO - log start in Debug
2014-06-05 16:05:39,278 - mylogger - INFO - log start in Debug
2014-06-05 16:05:46,474 - mylogger - ERROR - 发货唐人游会员失败,错误代码:ERROR
2014-06-05 16:05:59,082 - mylogger - ERROR - 发货唐人游会员失败,错误代码:ERROR
2014-06-05 16:06:35,720 - mylogger - INFO - log start in Debug
2014-06-05 16:07:49,499 - mylogger - INFO - log start in Debug
2014-06-05 16:07:50,839 - mylogger - INFO - log start in Debug
2014-06-05 16:07:59,456 - mylogger - ERROR - 发货唐人游会员失败,错误代码:ERROR
2014-06-05 16:08:02,497 - mylogger - INFO - log start in Debug
2014-06-05 16:08:51,872 - mylogger - INFO - log start in Debug
2014-06-05 16:09:01,497 - mylogger - INFO - log start in Debug
2014-06-05 16:09:06,871 - mylogger - INFO - log start in Debug
2014-06-05 16:09:18,553 - mylogger - INFO - log start in Debug
2014-06-05 16:09:21,730 - mylogger - ERROR - 发货唐人游会员失败,错误代码:ERROR
2014-06-05 16:09:24,921 - mylogger - INFO - log start in Debug
2014-06-05 16:10:27,226 - mylogger - INFO - log start in Debug
2014-06-05 16:10:31,365 - mylogger - ERROR - 发货唐人游会员失败,错误代码:ERROR
2014-06-05 16:10:34,713 - mylogger - INFO - log start in Debug
2014-06-05 16:10:57,220 - mylogger - INFO - log start in Debug
2014-06-05 16:10:57,631 - mylogger - ERROR - 发货唐人游会员失败,错误代码:ERROR
2014-06-05 16:11:00,395 - mylogger - INFO - log start in Debug
2014-06-05 16:12:32,474 - mylogger - ERROR - 对不起您的积分不够
2014-06-05 16:12:48,082 - mylogger - ERROR - 发货唐人游会员失败,错误代码:ERROR
2014-06-05 16:12:52,977 - mylogger - INFO - log start in Debug
2014-06-05 16:13:26,407 - mylogger - INFO - log start in Debug
2014-06-05 16:19:42,157 - mylogger - INFO - log start in Debug
2014-06-05 16:20:45,664 - mylogger - ERROR - 未找到商品,或商品已下架
2014-06-05 16:20:51,346 - mylogger - INFO - log start in Debug
2014-06-05 16:21:45,259 - mylogger - ERROR - 未找到商品,或商品已下架
2014-06-05 16:22:10,375 - mylogger - INFO - log start in Debug
2014-06-05 16:31:17,437 - mylogger - INFO - log start in Debug
2014-06-05 16:33:50,030 - mylogger - INFO - log start in Debug
2014-06-05 16:34:20,392 - mylogger - INFO - log start in Debug
2014-06-05 16:34:58,331 - mylogger - INFO - log start in Debug
2014-06-05 16:35:01,507 - mylogger - INFO - log start in Debug
2014-06-05 16:35:13,395 - mylogger - INFO - log start in Debug
2014-06-05 16:35:27,242 - mylogger - INFO - log start in Debug
2014-06-05 16:35:50,937 - mylogger - INFO - log start in Debug
2014-06-05 16:35:52,007 - mylogger - ERROR - 发货游戏币失败,错误代码:
2014-06-05 16:35:55,128 - mylogger - INFO - log start in Debug
2014-06-05 16:36:26,302 - mylogger - INFO - log start in Debug
2014-06-05 16:36:27,403 - mylogger - ERROR - 发货游戏币失败,错误代码:
2014-06-05 16:36:31,724 - mylogger - INFO - log start in Debug
2014-06-05 16:36:59,678 - mylogger - INFO - log start in Debug
2014-06-05 16:37:40,836 - mylogger - INFO - log start in Debug
2014-06-05 16:37:45,148 - mylogger - INFO - log start in Debug
2014-06-05 16:37:49,424 - mylogger - INFO - log start in Debug
2014-06-05 16:44:55,138 - mylogger - INFO - log start in Debug
2014-06-05 16:45:21,940 - mylogger - INFO - log start in Debug
2014-06-05 16:46:07,312 - mylogger - INFO - log start in Debug
2014-06-05 16:46:53,730 - mylogger - INFO - log start in Debug
2014-06-05 16:47:07,704 - mylogger - INFO - log start in Debug
2014-06-05 16:48:01,372 - mylogger - INFO - log start in Debug
2014-06-05 16:48:03,753 - mylogger - ERROR - 您已经兑换过此礼包卡
2014-06-05 16:49:50,073 - mylogger - ERROR - 您已经兑换过此礼包卡
2014-06-06 09:10:22,828 - mylogger - INFO - log start in Debug
2014-06-06 09:10:57,392 - mylogger - INFO - log start in Debug
2014-06-06 09:11:40,032 - mylogger - INFO - log start in Debug
2014-06-06 09:13:58,497 - mylogger - INFO - log start in Debug
2014-06-06 09:14:01,664 - mylogger - INFO - log start in Debug
2014-06-06 09:14:24,167 - mylogger - INFO - log start in Debug
2014-06-06 09:14:26,280 - mylogger - INFO - log start in Debug
2014-06-06 09:36:23,141 - mylogger - INFO - log start in Debug
2014-06-06 09:36:24,505 - mylogger - INFO - log start in Debug
2014-06-06 10:15:43,289 - mylogger - ERROR - 您已经兑换过此礼包卡
2014-06-06 10:18:12,111 - mylogger - INFO - log start in Debug
2014-06-06 10:19:13,987 - mylogger - INFO - log start in Debug
2014-06-06 10:20:00,433 - mylogger - INFO - log start in Debug
2014-06-06 10:22:06,994 - mylogger - INFO - log start in Debug
2014-06-06 10:22:33,895 - mylogger - INFO - log start in Debug
2014-06-06 10:22:37,040 - mylogger - ERROR - 您已经兑换过此礼包卡
2014-06-06 10:22:41,331 - mylogger - INFO - log start in Debug
2014-06-06 10:22:43,401 - mylogger - INFO - log start in Debug
2014-06-06 10:22:48,703 - mylogger - INFO - log start in Debug
2014-06-06 10:23:35,038 - mylogger - INFO - log start in Debug
2014-06-06 10:25:11,556 - mylogger - INFO - log start in Debug
2014-06-06 10:25:12,884 - mylogger - INFO - log start in Debug
2014-06-06 10:25:31,099 - mylogger - INFO - log start in Debug
2014-06-06 10:25:54,857 - mylogger - INFO - log start in Debug
2014-06-06 10:26:00,144 - mylogger - INFO - log start in Debug
2014-06-06 10:27:37,020 - mylogger - INFO - log start in Debug
2014-06-06 10:28:11,499 - mylogger - INFO - log start in Debug
2014-06-06 10:28:16,798 - mylogger - INFO - log start in Debug
2014-06-06 10:28:35,102 - mylogger - INFO - log start in Debug
2014-06-06 10:28:41,582 - mylogger - INFO - log start in Debug
2014-06-06 10:28:54,437 - mylogger - INFO - log start in Debug
2014-06-06 10:28:57,677 - mylogger - INFO - log start in Debug
2014-06-06 10:31:02,681 - mylogger - INFO - log start in Debug
2014-06-06 10:31:16,605 - mylogger - INFO - log start in Debug
2014-06-06 10:31:53,184 - mylogger - INFO - log start in Debug
2014-06-06 10:32:01,733 - mylogger - INFO - log start in Debug
2014-06-06 10:32:09,165 - mylogger - INFO - log start in Debug
2014-06-06 10:32:37,298 - mylogger - INFO - log start in Debug
2014-06-06 10:32:46,993 - mylogger - INFO - log start in Debug
2014-06-06 10:32:58,793 - mylogger - INFO - log start in Debug
2014-06-06 10:33:26,017 - mylogger - INFO - log start in Debug
2014-06-06 10:33:32,430 - mylogger - INFO - log start in Debug
2014-06-06 10:35:18,930 - mylogger - INFO - log start in Debug
2014-06-06 10:36:00,996 - mylogger - INFO - log start in Debug
2014-06-06 10:36:03,061 - mylogger - INFO - log start in Debug
2014-06-06 10:37:05,010 - mylogger - INFO - log start in Debug
2014-06-06 10:37:06,349 - mylogger - INFO - log start in Debug
2014-06-06 10:37:14,914 - mylogger - INFO - log start in Debug
2014-06-06 10:37:21,316 - mylogger - INFO - log start in Debug
2014-06-06 10:37:38,431 - mylogger - INFO - log start in Debug
2014-06-06 10:37:41,592 - mylogger - INFO - log start in Debug
2014-06-06 10:46:45,572 - mylogger - INFO - log start in Debug
2014-06-06 10:46:49,872 - mylogger - INFO - log start in Debug
2014-06-06 10:47:28,519 - mylogger - INFO - log start in Debug
2014-06-06 10:47:40,312 - mylogger - INFO - log start in Debug
2014-06-06 10:57:53,605 - mylogger - INFO - log start in Debug
2014-06-06 10:58:21,420 - mylogger - INFO - log start in Debug
2014-06-06 10:59:12,911 - mylogger - INFO - log start in Debug
2014-06-06 10:59:39,734 - mylogger - INFO - log start in Debug
2014-06-06 10:59:46,375 - mylogger - INFO - log start in Debug
2014-06-06 11:00:28,413 - mylogger - INFO - log start in Debug
2014-06-06 11:00:53,042 - mylogger - INFO - log start in Debug
2014-06-06 11:15:05,844 - mylogger - INFO - log start in Debug
2014-06-06 11:15:07,177 - mylogger - INFO - log start in Debug
2014-06-06 11:18:53,418 - mylogger - INFO - log start in Debug
2014-06-06 11:19:28,783 - mylogger - INFO - log start in Debug
2014-06-06 11:19:51,246 - mylogger - INFO - log start in Debug
2014-06-06 11:20:04,207 - mylogger - INFO - log start in Debug
2014-06-06 11:21:00,450 - mylogger - INFO - log start in Debug
2014-06-06 11:21:04,703 - mylogger - INFO - log start in Debug
2014-06-06 11:21:39,459 - mylogger - INFO - log start in Debug
2014-06-06 11:21:57,878 - mylogger - INFO - log start in Debug
2014-06-06 11:22:01,039 - mylogger - INFO - log start in Debug
2014-06-06 11:22:05,391 - mylogger - INFO - log start in Debug
2014-06-06 11:22:22,405 - mylogger - INFO - log start in Debug
2014-06-06 11:22:25,762 - mylogger - INFO - log start in Debug
2014-06-06 11:23:07,697 - mylogger - INFO - log start in Debug
2014-06-06 11:23:11,989 - mylogger - INFO - log start in Debug
2014-06-06 11:23:15,263 - mylogger - INFO - log start in Debug
2014-06-06 11:23:45,648 - mylogger - INFO - log start in Debug
2014-06-06 11:23:50,990 - mylogger - INFO - log start in Debug
2014-06-06 11:23:56,391 - mylogger - INFO - log start in Debug
2014-06-06 11:24:07,173 - mylogger - INFO - log start in Debug
2014-06-06 11:24:27,614 - mylogger - INFO - log start in Debug
2014-06-06 11:25:46,197 - mylogger - INFO - log start in Debug
2014-06-06 11:27:57,398 - mylogger - INFO - log start in Debug
2014-06-06 11:28:12,474 - mylogger - INFO - log start in Debug
2014-06-06 11:28:28,776 - mylogger - INFO - log start in Debug
2014-06-06 11:28:38,500 - mylogger - INFO - log start in Debug
2014-06-06 11:29:56,381 - mylogger - INFO - log start in Debug
2014-06-06 12:21:24,463 - mylogger - INFO - log start in Debug
2014-06-06 12:21:33,855 - mylogger - INFO - log start in Debug
2014-06-06 12:21:46,371 - mylogger - INFO - log start in Debug
2014-06-06 12:21:52,095 - mylogger - INFO - log start in Debug
2014-06-06 12:21:57,721 - mylogger - INFO - log start in Debug
2014-06-06 12:22:03,351 - mylogger - INFO - log start in Debug
2014-06-06 12:23:15,371 - mylogger - INFO - log start in Debug
2014-06-06 12:23:19,694 - mylogger - INFO - log start in Debug
2014-06-06 12:29:31,711 - mylogger - INFO - log start in Debug
2014-06-06 12:29:34,990 - mylogger - INFO - log start in Debug
2014-06-06 12:30:12,571 - mylogger - INFO - log start in Debug
2014-06-06 12:35:24,332 - mylogger - INFO - log start in Debug
2014-06-06 12:35:25,732 - mylogger - INFO - log start in Debug
2014-06-06 12:36:04,519 - mylogger - INFO - log start in Debug
2014-06-06 12:36:44,921 - mylogger - INFO - log start in Debug
2014-06-06 13:14:33,703 - mylogger - INFO - log start in Debug
2014-06-06 13:15:10,016 - mylogger - INFO - log start in Debug
2014-06-06 13:22:37,602 - mylogger - INFO - log start in Debug
2014-06-06 13:24:36,219 - mylogger - INFO - log start in Debug
2014-06-06 13:24:40,444 - mylogger - INFO - log start in Debug
2014-06-06 13:24:42,668 - mylogger - INFO - log start in Debug
2014-06-06 13:24:44,792 - mylogger - INFO - log start in Debug
2014-06-06 13:24:46,888 - mylogger - INFO - log start in Debug
2014-06-06 13:24:51,174 - mylogger - INFO - log start in Debug
2014-06-06 14:45:48,259 - mylogger - INFO - log start in Debug
2014-06-06 14:46:01,124 - mylogger - INFO - log start in Debug
2014-06-06 14:47:25,779 - mylogger - INFO - log start in Debug
2014-06-06 14:47:27,173 - mylogger - INFO - log start in Debug
2014-06-06 15:05:42,400 - mylogger - INFO - log start in Debug
2014-06-06 15:13:23,877 - mylogger - INFO - log start in Debug
2014-06-06 15:13:25,323 - mylogger - INFO - log start in Debug
2014-06-06 15:30:50,947 - mylogger - INFO - log start in Debug
2014-06-09 09:20:36,178 - mylogger - INFO - log start in Debug
2014-06-09 09:20:37,884 - mylogger - INFO - log start in Debug
2014-06-09 09:40:58,816 - mylogger - INFO - log start in Debug
2014-06-09 09:42:39,312 - mylogger - INFO - log start in Debug
2014-06-09 09:42:52,147 - mylogger - INFO - log start in Debug
2014-06-09 09:43:44,891 - mylogger - INFO - log start in Debug
2014-06-09 09:44:08,563 - mylogger - INFO - log start in Debug
2014-06-09 09:44:40,019 - mylogger - INFO - log start in Debug
2014-06-09 09:44:44,196 - mylogger - INFO - log start in Debug
2014-06-09 09:44:46,344 - mylogger - INFO - log start in Debug
2014-06-09 09:44:55,989 - mylogger - INFO - log start in Debug
2014-06-09 09:46:06,500 - mylogger - INFO - log start in Debug
2014-06-09 09:46:30,270 - mylogger - INFO - log start in Debug
2014-06-09 09:46:35,543 - mylogger - INFO - log start in Debug
2014-06-09 09:46:49,384 - mylogger - INFO - log start in Debug
2014-06-09 09:47:05,506 - mylogger - INFO - log start in Debug
2014-06-09 09:47:56,049 - mylogger - INFO - log start in Debug
2014-06-09 09:48:01,359 - mylogger - INFO - log start in Debug
2014-06-09 09:48:18,503 - mylogger - INFO - log start in Debug
2014-06-09 09:48:30,345 - mylogger - INFO - log start in Debug
2014-06-09 09:48:33,538 - mylogger - INFO - log start in Debug
2014-06-09 09:48:39,923 - mylogger - INFO - log start in Debug
2014-06-09 09:48:47,369 - mylogger - INFO - log start in Debug
2014-06-09 09:48:51,654 - mylogger - INFO - log start in Debug
2014-06-09 09:48:53,763 - mylogger - INFO - log start in Debug
2014-06-09 09:49:05,460 - mylogger - INFO - log start in Debug
2014-06-09 09:49:33,555 - mylogger - INFO - log start in Debug
2014-06-09 09:52:32,611 - mylogger - INFO - log start in Debug
2014-06-09 09:53:02,710 - mylogger - INFO - log start in Debug
2014-06-09 09:53:15,467 - mylogger - INFO - log start in Debug
2014-06-09 09:55:03,762 - mylogger - INFO - log start in Debug
2014-06-09 09:55:20,686 - mylogger - INFO - log start in Debug
2014-06-09 09:55:22,082 - mylogger - INFO - log start in Debug
2014-06-09 12:46:51,171 - mylogger - INFO - log start in Debug
2014-06-09 12:46:54,467 - mylogger - INFO - log start in Debug
2014-06-09 12:47:19,265 - mylogger - INFO - log start in Debug
2014-06-09 12:48:02,039 - mylogger - INFO - log start in Debug
2014-06-09 12:49:39,770 - mylogger - INFO - log start in Debug
2014-06-09 12:49:41,197 - mylogger - INFO - log start in Debug
2014-06-09 13:09:12,259 - mylogger - INFO - log start in Debug
2014-06-09 13:09:30,503 - mylogger - INFO - log start in Debug
2014-06-09 13:10:02,868 - mylogger - INFO - log start in Debug
2014-06-09 13:10:48,526 - mylogger - INFO - log start in Debug
2014-06-09 13:11:20,038 - mylogger - INFO - log start in Debug
2014-06-09 13:11:23,292 - mylogger - INFO - log start in Debug
2014-06-09 13:11:39,523 - mylogger - INFO - log start in Debug
2014-06-09 13:11:45,937 - mylogger - INFO - log start in Debug
2014-06-09 13:11:58,878 - mylogger - INFO - log start in Debug
2014-06-09 13:12:15,260 - mylogger - INFO - log start in Debug
2014-06-09 13:27:18,854 - mylogger - INFO - log start in Debug
2014-06-09 14:06:37,216 - mylogger - INFO - log start in Debug
2014-06-09 14:06:42,009 - mylogger - INFO - log start in Debug
2014-06-09 14:08:17,742 - mylogger - INFO - log start in Debug
2014-06-09 15:02:40,811 - mylogger - ERROR - 不能补签过期日期或未达到日期
2014-06-09 15:04:17,278 - mylogger - ERROR - 已经签到过了
2014-06-09 15:04:21,167 - mylogger - ERROR - 已经签到过了
2014-06-09 15:05:07,980 - mylogger - INFO - log start in Debug
2014-06-09 15:16:52,266 - mylogger - INFO - log start in Debug
2014-06-09 15:17:30,109 - mylogger - INFO - log start in Debug
2014-06-09 15:17:38,595 - mylogger - INFO - log start in Debug
2014-06-09 15:17:56,907 - mylogger - INFO - log start in Debug
2014-06-09 15:18:11,903 - mylogger - INFO - log start in Debug
2014-06-09 15:18:48,437 - mylogger - INFO - log start in Debug
2014-06-09 15:18:54,854 - mylogger - INFO - log start in Debug
2014-06-09 15:18:56,936 - mylogger - INFO - log start in Debug
2014-06-09 15:22:27,000 - mylogger - INFO - log start in Debug
2014-06-09 15:22:35,546 - mylogger - INFO - log start in Debug
2014-06-09 15:22:53,821 - mylogger - INFO - log start in Debug
2014-06-09 15:24:51,411 - mylogger - INFO - log start in Debug
2014-06-09 15:24:55,665 - mylogger - INFO - log start in Debug
2014-06-09 15:25:09,526 - mylogger - INFO - log start in Debug
2014-06-09 15:25:11,641 - mylogger - INFO - log start in Debug
2014-06-09 15:25:23,588 - mylogger - INFO - log start in Debug
2014-06-09 15:26:40,693 - mylogger - INFO - log start in Debug
2014-06-09 15:26:49,244 - mylogger - INFO - log start in Debug
2014-06-09 15:28:24,654 - mylogger - INFO - log start in Debug
2014-06-09 15:30:22,243 - mylogger - INFO - log start in Debug
2014-06-09 15:30:32,911 - mylogger - INFO - log start in Debug
2014-06-09 15:30:39,253 - mylogger - INFO - log start in Debug
2014-06-09 15:30:52,232 - mylogger - INFO - log start in Debug
2014-06-09 15:31:09,437 - mylogger - INFO - log start in Debug
2014-06-09 15:31:31,911 - mylogger - INFO - log start in Debug
2014-06-09 15:31:38,348 - mylogger - INFO - log start in Debug
2014-06-09 15:32:14,953 - mylogger - INFO - log start in Debug
2014-06-09 15:32:22,749 - mylogger - ERROR - 对不起您的积分不够
2014-06-09 15:35:17,795 - mylogger - INFO - log start in Debug
2014-06-09 15:39:27,210 - mylogger - INFO - log start in Debug
2014-06-09 15:39:34,815 - mylogger - INFO - log start in Debug
2014-06-09 15:39:40,171 - mylogger - INFO - log start in Debug
2014-06-09 15:39:42,279 - mylogger - INFO - log start in Debug
2014-06-09 15:53:39,249 - mylogger - INFO - log start in Debug
2014-06-09 15:54:00,496 - mylogger - INFO - log start in Debug
2014-06-09 15:54:01,859 - mylogger - INFO - log start in Debug
2014-06-09 15:54:10,387 - mylogger - INFO - log start in Debug
2014-06-09 16:02:28,385 - mylogger - INFO - log start in Debug
2014-06-09 16:02:40,395 - mylogger - INFO - log start in Debug
2014-06-09 16:11:37,507 - mylogger - INFO - log start in Debug
2014-06-09 16:11:57,983 - mylogger - INFO - log start in Debug
2014-06-09 16:12:11,230 - mylogger - ERROR - method:POST,host:core.6998apitest.com,url:/api/VIPCenter/UserVIPSalaryGet,param:{"UserID": 577}, coreservice服务异常,状态:500,响应:{"responseStatus":{"errorCode":"MySqlException","message":"Column 'Code1' cannot be null","errors":[]}}
2014-06-09 16:12:21,857 - mylogger - INFO - log start in Debug
2014-06-09 16:12:36,220 - mylogger - ERROR - method:POST,host:core.6998apitest.com,url:/api/VIPCenter/UserVIPSalaryGet,param:{"UserID": 577}, coreservice服务异常,状态:500,响应:{"responseStatus":{"errorCode":"MySqlException","message":"Column 'Code1' cannot be null","errors":[]}}
2014-06-09 16:12:39,188 - mylogger - INFO - log start in Debug
2014-06-09 16:13:10,928 - mylogger - ERROR - method:POST,host:core.6998apitest.com,url:/api/VIPCenter/UserVIPSalaryGet,param:{"UserID": 577}, coreservice服务异常,状态:500,响应:{"responseStatus":{"errorCode":"MySqlException","message":"Column 'Code1' cannot be null","errors":[]}}
2014-06-09 16:14:11,266 - mylogger - INFO - log start in Debug
2014-06-09 16:14:14,440 - mylogger - INFO - log start in Debug
2014-06-09 16:14:29,451 - mylogger - INFO - log start in Debug
2014-06-09 16:14:36,957 - mylogger - INFO - log start in Debug
2014-06-09 16:15:04,000 - mylogger - INFO - log start in Debug
2014-06-09 16:15:10,404 - mylogger - INFO - log start in Debug
2014-06-09 16:15:21,171 - mylogger - INFO - log start in Debug
2014-06-09 16:15:48,173 - mylogger - INFO - log start in Debug
2014-06-09 16:15:52,525 - mylogger - INFO - log start in Debug
2014-06-09 16:15:59,005 - mylogger - ERROR - method:POST,host:core.6998apitest.com,url:/api/VIPCenter/UserVIPSalaryGet,param:{"IPAddress": "127.0.0.1", "UserID": 577}, coreservice服务异常,状态:500,响应:{"responseStatus":{"errorCode":"MySqlException","message":"Column 'Code1' cannot be null","errors":[]}}
2014-06-09 16:22:22,220 - mylogger - INFO - log start in Debug
